Grammar

    0 $accept: date $end

    1 date: MONTH NUMBER ',' NUMBER


Terminals, with rules where they appear

    $end (0) 0
    ',' (44) 1
    error (256)
    NUMBER (258) 1
    MONTH (259) 1


Nonterminals, with rules where they appear

    $accept (6)
        on left: 0
    date (7)
        on left: 1
        on right: 0


State 0

    0 $accept: • date $end

    MONTH  shift, and go to state 1

    date  go to state 2


State 1

    1 date: MONTH • NUMBER ',' NUMBER

    NUMBER  shift, and go to state 3


State 2

    0 $accept: date • $end

    $end  shift, and go to state 4


State 3

    1 date: MONTH NUMBER • ',' NUMBER

    ','  shift, and go to state 5


State 4

    0 $accept: date $end •

    $default  accept


State 5

    1 date: MONTH NUMBER ',' • NUMBER

    NUMBER  shift, and go to state 6


State 6

    1 date: MONTH NUMBER ',' NUMBER •

    $default  reduce using rule 1 (date)
